<?xml version="1.0" encoding="UTF-8"?>
<testsuite xmlns:xsi="http://www.w3.org/2001/XMLSchema-instance" xsi:noNamespaceSchemaLocation="https://maven.apache.org/surefire/maven-surefire-plugin/xsd/surefire-test-report-3.0.xsd" version="3.0" name="entidades.DAO.ClienteDAOTest" time="0.178" tests="4" errors="0" skipped="0" failures="0">
  <properties>
[...]
</properties>
  <testcase name="testExcluirCliente" classname="entidades.DAO.ClienteDAOTest" time="0.035">
    <system-out><![CDATA[sql: INSERT INTO cliente (nome, documento, telefone, endereco) VALUES ('João Santos','11122233344','51933334444','Rua XV, 200' )
sql: DELETE FROM cliente WHERE id_cliente = 1
]]></system-out>
  </testcase>
  <testcase name="testRecuperarTodosComMultiplosClientes" classname="entidades.DAO.ClienteDAOTest" time="0.035">
    <system-out><![CDATA[sql: INSERT INTO cliente (nome, documento, telefone, endereco) VALUES ('Ana','00000000000','51900000000','Rua Teste, 1' )
sql: INSERT INTO cliente (nome, documento, telefone, endereco) VALUES ('Bruno','00000000000','51900000000','Rua Teste, 1' )
sql: INSERT INTO cliente (nome, documento, telefone, endereco) VALUES ('Carlos','00000000000','51900000000','Rua Teste, 1' )
]]></system-out>
  </testcase>
  <testcase name="testEditarCliente" classname="entidades.DAO.ClienteDAOTest" time="0.033">
    <system-out><![CDATA[sql: INSERT INTO cliente (nome, documento, telefone, endereco) VALUES ('Maria Silva','98765432100','51988887777','Av. Brasil, 500' )
sql: UPDATE cliente SET nome = 'Maria Silva Modificada',documento= '98765432100',telefone = '51911112222',endereco = 'Rua das Flores, 10' WHERE id_cliente = 1
]]></system-out>
  </testcase>
  <testcase name="testInserirERecuperarCliente" classname="entidades.DAO.ClienteDAOTest" time="0.031">
    <system-out><![CDATA[sql: INSERT INTO cliente (nome, documento, telefone, endereco) VALUES ('Henrique Konrad','12345678901','51999999999','Avenida n sei, 123' )
]]></system-out>
  </testcase>
</testsuite>